2026-04-04 01:50:12,051 - INFO - 加载数据成功，共 14 条记录
2026-04-04 01:50:52,784 - INFO - 加载数据成功，共 14 条记录
2026-04-04 01:50:52,784 - DEBUG - 加载条目: 龚梓涵 - gzh - 位置: 2
2026-04-04 01:50:52,785 - DEBUG - 加载条目: 你好 - nh - 位置: 1
2026-04-04 01:50:52,785 - DEBUG - 加载条目: 世界 - sj - 位置: 1
2026-04-04 01:50:52,785 - DEBUG - 加载条目: Bob Smith - bs - 位置: 1
2026-04-04 01:50:52,785 - DEBUG - 加载条目: 龚梓涵 - gzh - 位置: 1
2026-04-04 01:50:52,785 - DEBUG - 加载条目: 你好 - ni - 位置: 1
2026-04-04 01:50:52,787 - DEBUG - 加载条目: 世界 - shi - 位置: 1
2026-04-04 01:50:52,787 - DEBUG - 加载条目: Bob Smith - bob - 位置: 1
2026-04-04 01:50:52,787 - DEBUG - 加载条目: 龚梓涵 - gong - 位置: 1
2026-04-04 01:50:52,787 - DEBUG - 加载条目: 你好 - nihao - 位置: 1
2026-04-04 01:50:52,787 - DEBUG - 加载条目: 世界 - shijie - 位置: 1
2026-04-04 01:50:52,787 - DEBUG - 加载条目: Alice - alice - 位置: 1
2026-04-04 01:50:52,787 - DEBUG - 加载条目: Bob Smith - bobsmith - 位置: 1
2026-04-04 01:50:52,788 - DEBUG - 加载条目: 龚梓涵 - gongzihan - 位置: 1
2026-04-04 02:36:09,164 - INFO - 加载数据成功，共 4 条记录
2026-04-04 02:36:09,167 - DEBUG - 加载条目: 你好 - nh - 位置: 1
2026-04-04 02:36:09,169 - DEBUG - 加载条目: 世界 - sj - 位置: 1
2026-04-04 02:36:09,169 - DEBUG - 加载条目: Alice - ali - 位置: 1
2026-04-04 02:36:09,169 - DEBUG - 加载条目: Bob Smith - bob - 位置: 1
2026-04-04 02:37:38,678 - INFO - 加载数据成功，共 4 条记录
2026-04-04 02:37:38,678 - DEBUG - 加载条目: 你好 - nh - 位置: 1
2026-04-04 02:37:38,680 - DEBUG - 加载条目: 世界 - sj - 位置: 1
2026-04-04 02:37:38,680 - DEBUG - 加载条目: Alice - ali - 位置: 1
2026-04-04 02:37:38,680 - DEBUG - 加载条目: Bob Smith - bob - 位置: 1
2026-04-04 02:41:29,179 - INFO - 加载数据成功，共 4 条记录
2026-04-04 02:41:29,182 - DEBUG - 加载条目: 你好 - nh - 位置: 1
2026-04-04 02:41:29,184 - DEBUG - 加载条目: 世界 - sj - 位置: 1
2026-04-04 02:41:29,184 - DEBUG - 加载条目: Alice - ali - 位置: 1
2026-04-04 02:41:29,184 - DEBUG - 加载条目: Bob Smith - bob - 位置: 1
2026-04-04 02:42:10,715 - INFO - 加载数据成功，共 4 条记录
2026-04-04 02:42:10,717 - DEBUG - 加载条目: 你好 - nh - 位置: 1
2026-04-04 02:42:10,717 - DEBUG - 加载条目: 世界 - sj - 位置: 1
2026-04-04 02:42:10,717 - DEBUG - 加载条目: Alice - ali - 位置: 1
2026-04-04 02:42:10,717 - DEBUG - 加载条目: Bob Smith - bob - 位置: 1
2026-04-04 02:43:22,662 - INFO - 开始生成词典...
2026-04-04 02:43:22,665 - INFO - 读取数据文件...
2026-04-04 02:43:22,666 - INFO - 读取到 4 条记录
2026-04-04 02:43:22,668 - INFO - 未指定输入文件，创建新词典
2026-04-04 02:43:22,668 - INFO - 输出文件: new.dat
2026-04-04 02:43:22,668 - DEBUG - 创建新词典，时间戳: 1775241802
2026-04-04 02:43:22,669 - INFO - 添加词条...
2026-04-04 02:43:22,671 - DEBUG - 添加词条: 你好 - nh - 位置: 1
2026-04-04 02:43:22,671 - DEBUG - 添加词条: 世界 - sj - 位置: 1
2026-04-04 02:43:22,671 - DEBUG - 添加词条: Alice - ali - 位置: 1
2026-04-04 02:43:22,671 - DEBUG - 添加词条: Bob Smith - bob - 位置: 1
2026-04-04 02:43:22,674 - INFO - 保存到文件: new.dat
2026-04-04 02:43:22,679 - INFO - 词典生成完成！共添加 4 个词条
2026-04-04 17:43:12,161 - INFO - 加载数据成功，共 4 条记录
2026-04-04 17:43:12,164 - DEBUG - 加载条目: 你好 - nh - 位置: 1
2026-04-04 17:43:12,164 - DEBUG - 加载条目: 世界 - sj - 位置: 1
2026-04-04 17:43:12,164 - DEBUG - 加载条目: Alice - ali - 位置: 1
2026-04-04 17:43:12,164 - DEBUG - 加载条目: Bob Smith - bob - 位置: 1
2026-04-04 17:43:25,519 - INFO - 开始生成词典...
2026-04-04 17:43:25,520 - INFO - 读取数据文件...
2026-04-04 17:43:25,523 - INFO - 读取到 4 条记录
2026-04-04 17:43:25,525 - INFO - 未指定输入文件，创建新词典
2026-04-04 17:43:25,525 - INFO - 输出文件: new.dat
2026-04-04 17:43:25,525 - DEBUG - 创建新词典，时间戳: 1775295805
2026-04-04 17:43:25,526 - INFO - 添加词条...
2026-04-04 17:43:25,526 - DEBUG - 添加词条: 你好 - nh - 位置: 1
2026-04-04 17:43:25,526 - DEBUG - 添加词条: 世界 - sj - 位置: 1
2026-04-04 17:43:25,526 - DEBUG - 添加词条: Alice - ali - 位置: 1
2026-04-04 17:43:25,528 - DEBUG - 添加词条: Bob Smith - bob - 位置: 1
2026-04-04 17:43:25,528 - INFO - 保存到文件: new.dat
2026-04-04 17:43:25,533 - INFO - 词典生成完成！共添加 4 个词条
2026-04-04 17:43:52,983 - INFO - 加载数据成功，共 4 条记录
2026-04-04 17:43:52,984 - DEBUG - 加载条目: 你好 - nh - 位置: 1
2026-04-04 17:43:52,984 - DEBUG - 加载条目: 世界 - sj - 位置: 1
2026-04-04 17:43:52,984 - DEBUG - 加载条目: Alice - ali - 位置: 1
2026-04-04 17:43:52,986 - DEBUG - 加载条目: Bob Smith - bob - 位置: 1
